ledsdk/build/intermediates/proguard-rules/release/aapt_rules.txt
# Generated by the gradle plugin
-keep class com.infosysit.ledsdk.services.DownloadContentService { <init>(...); }
-keep class com.infosysit.ledsdk.services.ExternalPlayerService { <init>(...); }
-keep class com.infosysit.ledsdk.services.PlayerTelemetryService { <init>(...); }
-keep class com.infosysit.ledsdk.services.SqlCrudService { <init>(...); }