ledsdk/build/outputs/mapping/release/seeds.txt
com.infosysit.ledsdk.R$anim
com.infosysit.ledsdk.R$anim: int abc_fade_in
com.infosysit.ledsdk.R$anim: int abc_fade_out
com.infosysit.ledsdk.R$anim: int abc_grow_fade_in_from_bottom
com.infosysit.ledsdk.R$anim: int abc_popup_enter
com.infosysit.ledsdk.R$anim: int abc_popup_exit
com.infosysit.ledsdk.R$anim: int abc_shrink_fade_out_from_bottom
com.infosysit.ledsdk.R$anim: int abc_slide_in_bottom
com.infosysit.ledsdk.R$anim: int abc_slide_in_top
com.infosysit.ledsdk.R$anim: int abc_slide_out_bottom
com.infosysit.ledsdk.R$anim: int abc_slide_out_top
com.infosysit.ledsdk.R$anim: int tooltip_enter
com.infosysit.ledsdk.R$anim: int tooltip_exit
com.infosysit.ledsdk.R$attr
com.infosysit.ledsdk.R$attr: int actionBarDivider
com.infosysit.ledsdk.R$attr: int actionBarItemBackground
com.infosysit.ledsdk.R$attr: int actionBarPopupTheme
com.infosysit.ledsdk.R$attr: int actionBarSize
com.infosysit.ledsdk.R$attr: int actionBarSplitStyle
com.infosysit.ledsdk.R$attr: int actionBarStyle
com.infosysit.ledsdk.R$attr: int actionBarTabBarStyle
com.infosysit.ledsdk.R$attr: int actionBarTabStyle
com.infosysit.ledsdk.R$attr: int actionBarTabTextStyle
com.infosysit.ledsdk.R$attr: int actionBarTheme
com.infosysit.ledsdk.R$attr: int actionBarWidgetTheme
com.infosysit.ledsdk.R$attr: int actionButtonStyle
com.infosysit.ledsdk.R$attr: int actionDropDownStyle
com.infosysit.ledsdk.R$attr: int actionLayout
com.infosysit.ledsdk.R$attr: int actionMenuTextAppearance
com.infosysit.ledsdk.R$attr: int actionMenuTextColor
com.infosysit.ledsdk.R$attr: int actionModeBackground
com.infosysit.ledsdk.R$attr: int actionModeCloseButtonStyle
com.infosysit.ledsdk.R$attr: int actionModeCloseDrawable
com.infosysit.ledsdk.R$attr: int actionModeCopyDrawable
com.infosysit.ledsdk.R$attr: int actionModeCutDrawable
com.infosysit.ledsdk.R$attr: int actionModeFindDrawable
com.infosysit.ledsdk.R$attr: int actionModePasteDrawable
com.infosysit.ledsdk.R$attr: int actionModePopupWindowStyle
com.infosysit.ledsdk.R$attr: int actionModeSelectAllDrawable
com.infosysit.ledsdk.R$attr: int actionModeShareDrawable
com.infosysit.ledsdk.R$bool
com.infosysit.ledsdk.R$bool: int abc_action_bar_embed_tabs
com.infosysit.ledsdk.R$bool: int abc_allow_stacked_button_bar
com.infosysit.ledsdk.R$bool: int abc_config_actionMenuItemAllCaps
com.infosysit.ledsdk.R$bool: int abc_config_closeDialogWhenTouchOutside
com.infosysit.ledsdk.R$bool: int abc_config_showMenuShortcutsWhenKeyboardPresent
com.infosysit.ledsdk.R$color
com.infosysit.ledsdk.R$color: int abc_background_cache_hint_selector_material_dark
com.infosysit.ledsdk.R$color: int abc_background_cache_hint_selector_material_light
com.infosysit.ledsdk.R$color: int abc_btn_colored_borderless_text_material
com.infosysit.ledsdk.R$color: int abc_btn_colored_text_material
com.infosysit.ledsdk.R$color: int abc_color_highlight_material
com.infosysit.ledsdk.R$color: int abc_hint_foreground_material_dark
com.infosysit.ledsdk.R$color: int abc_hint_foreground_material_light
com.infosysit.ledsdk.R$color: int abc_input_method_navigation_guard
com.infosysit.ledsdk.R$color: int abc_primary_text_disable_only_material_dark
com.infosysit.ledsdk.R$color: int abc_primary_text_disable_only_material_light
com.infosysit.ledsdk.R$color: int abc_primary_text_material_dark
com.infosysit.ledsdk.R$color: int abc_primary_text_material_light
com.infosysit.ledsdk.R$color: int abc_search_url_text
com.infosysit.ledsdk.R$color: int abc_search_url_text_normal
com.infosysit.ledsdk.R$color: int abc_search_url_text_pressed
com.infosysit.ledsdk.R$color: int abc_search_url_text_selected
com.infosysit.ledsdk.R$color: int abc_secondary_text_material_dark
com.infosysit.ledsdk.R$color: int abc_secondary_text_material_light
com.infosysit.ledsdk.R$color: int abc_tint_btn_checkable
com.infosysit.ledsdk.R$color: int abc_tint_default
com.infosysit.ledsdk.R$color: int abc_tint_edittext