ledsdk/build/outputs/mapping/release/mapping.txt
android.support.graphics.drawable.R$bool -> android.support.graphics.drawable.R$bool:
    int abc_action_bar_embed_tabs -> abc_action_bar_embed_tabs
    26:26:void <init>() -> <init>
    28:28:void <clinit>() -> <clinit>
android.support.graphics.drawable.R$color -> android.support.graphics.drawable.R$color:
    int notification_action_color_filter -> notification_action_color_filter
    int notification_icon_bg_color -> notification_icon_bg_color
    int ripple_material_light -> ripple_material_light
    int secondary_text_default_material_light -> secondary_text_default_material_light
    31:31:void <init>() -> <init>
    33:36:void <clinit>() -> <clinit>
android.support.graphics.drawable.R$dimen -> android.support.graphics.drawable.R$dimen:
    int compat_button_inset_horizontal_material -> compat_button_inset_horizontal_material
    int compat_button_inset_vertical_material -> compat_button_inset_vertical_material
    int compat_button_padding_horizontal_material -> compat_button_padding_horizontal_material
    int compat_button_padding_vertical_material -> compat_button_padding_vertical_material
    int compat_control_corner_material -> compat_control_corner_material
    int notification_action_icon_size -> notification_action_icon_size
    int notification_action_text_size -> notification_action_text_size
    int notification_big_circle_margin -> notification_big_circle_margin
    int notification_content_margin_start -> notification_content_margin_start
    int notification_large_icon_height -> notification_large_icon_height
    int notification_large_icon_width -> notification_large_icon_width
    int notification_main_column_padding_top -> notification_main_column_padding_top
    int notification_media_narrow_margin -> notification_media_narrow_margin
    int notification_right_icon_size -> notification_right_icon_size
    int notification_right_side_padding_top -> notification_right_side_padding_top
    int notification_small_icon_background_padding -> notification_small_icon_background_padding
    int notification_small_icon_size_as_large -> notification_small_icon_size_as_large
android.support.graphics.drawable.R$drawable -> android.support.graphics.drawable.R$drawable:
    int notification_action_background -> notification_action_background
    int notification_bg -> notification_bg
    int notification_bg_low -> notification_bg_low
    int notification_bg_low_normal -> notification_bg_low_normal
    int notification_bg_low_pressed -> notification_bg_low_pressed
    int notification_bg_normal -> notification_bg_normal
    int notification_bg_normal_pressed -> notification_bg_normal_pressed
    int notification_icon_background -> notification_icon_background
    int notification_template_icon_bg -> notification_template_icon_bg
    int notification_template_icon_low_bg -> notification_template_icon_low_bg
    int notification_tile_bg -> notification_tile_bg
    int notify_panel_notification_icon_bg -> notify_panel_notification_icon_bg
    63:63:void <init>() -> <init>
    65:76:void <clinit>() -> <clinit>