ledsdk/build/outputs/mapping/release/usage.txt
com.infosysit.ledsdk.persistence.dao.DownloadStatusDao:
    public abstract java.util.List getDownloadStatusForIds(java.lang.String[])
    public abstract java.util.List getAllDownloads()
    public abstract void updateDownloadStatus(long,double,java.lang.String)
    public abstract void deleteAll()
    public abstract com.infosysit.ledsdk.persistence.entity.DownloadStatusEntity getDownloadStatusByDownloadId(long)
    public abstract void deleteAllContent()
com.infosysit.ledsdk.persistence.dao.DownloadStatusDao_Impl:
    150:169:public void updateDownloadStatus(long,double,java.lang.String)
    173:182:public void deleteAll()
    205:214:public void deleteAllContent()
    218:246:public java.util.List getDownloadStatusForIds(java.lang.String[])
    252:288:public java.util.List getAllDownloads()
    342:380:public com.infosysit.ledsdk.persistence.entity.DownloadStatusEntity getDownloadStatusByDownloadId(long)
com.infosysit.ledsdk.persistence.dao.RequestedStatusDao
com.infosysit.ledsdk.persistence.dao.RequestedStatusDao_Impl
com.infosysit.ledsdk.persistence.dao.RequestedStatusDao_Impl$1
com.infosysit.ledsdk.persistence.entity.ContentEntity:
    62:63:public void setDownloadId(long)
    70:71:public void setContentId(java.lang.String)
    78:79:public void setContentType(java.lang.String)
    86:87:public void setRequestedDate(java.lang.String)
    94:95:public void setModifiedDate(java.lang.String)
    102:103:public void setExpiryDate(java.lang.String)
    110:111:public void setContentMetaJson(java.lang.String)
    118:119:public void setChildren(java.lang.String)
    126:127:public void setParentId(java.lang.String)
    134:135:public void setExtension(java.lang.String)
com.infosysit.ledsdk.persistence.entity.DownloadStatusEntity:
    41:42:public void setContentId(java.lang.String)
    49:50:public void setInitiatedByUser(boolean)
    57:58:public void setDownloadUrl(java.lang.String)
    81:82:public void setDownloadId(long)
    89:90:public void setNumberOfAttempts(int)
com.infosysit.ledsdk.persistence.entity.RequestedStatusEntity:
    private java.lang.String contentId
    private java.lang.String requestedStatus
    12:12:public RequestedStatusEntity()
    21:21:public java.lang.String getContentId()
    25:26:public void setContentId(java.lang.String)
    29:29:public java.lang.String getRequestedStatus()
    33:34:public void setRequestedStatus(java.lang.String)
com.infosysit.ledsdk.services.ConnectivityUtility
com.infosysit.ledsdk.services.ContentSQLService
com.infosysit.ledsdk.services.DecryptionTask
com.infosysit.ledsdk.services.DeleteContentDatabase
com.infosysit.ledsdk.services.DeleteTask
com.infosysit.ledsdk.services.DeleteTask$1
com.infosysit.ledsdk.services.DeleteTask$1$1
com.infosysit.ledsdk.services.DownloadContentService:
    380:386:private java.lang.String replaceIpHostBofa(java.lang.String)
    421:428:public boolean urlExists(java.lang.String)
com.infosysit.ledsdk.services.DownloadStatusBroadcastJava
com.infosysit.ledsdk.services.EncrpytDecryptService
com.infosysit.ledsdk.services.EncryptionDecryption
com.infosysit.ledsdk.services.GetTokenServiceJava
com.infosysit.ledsdk.services.JWTUtils
com.infosysit.ledsdk.services.SqlCrudService:
    private static final java.lang.String ACTION_DELETE
    private static final java.lang.String ACTION_CANCEL
    private static final java.lang.String ACTION_EXPIRY
    private static final java.lang.String EXTRA_CONTENT_ID
    40:45:public static void startActionDelete(android.content.Context,java.lang.String)
    48:52:public static void startActionExpiry(android.content.Context,java.util.ArrayList)
    55:59:public static void startActionCancel(android.content.Context,java.lang.String)